<?xml version="1.0" encoding="UTF-8"?>
<coverage generated="1748236155100" clover="3.2.0">
  <project timestamp="1748236155100" name="All files">
    <metrics statements="24" coveredstatements="23" conditionals="16" coveredconditionals="10" methods="5" coveredmethods="5" elements="45" coveredelements="38" complexity="0" loc="24" ncloc="24" packages="1" files="1" classes="1"/>
    <file name="index.js" path="/Users/ganeshjayaprakash/WorkSpace/Mine/npm_plugin/React-Native-Responzo/src/index.js">
      <metrics statements="24" coveredstatements="23" conditionals="16" coveredconditionals="10" methods="5" coveredmethods="5"/>
      <line num="4" count="3" type="stmt"/>
      <line num="5" count="3" type="stmt"/>
      <line num="8" count="3" type="stmt"/>
      <line num="9" count="3" type="stmt"/>
      <line num="12" count="3" type="stmt"/>
      <line num="15" count="3" type="stmt"/>
      <line num="18" count="3" type="stmt"/>
      <line num="19" count="3" type="cond" truecount="1" falsecount="1"/>
      <line num="20" count="0" type="cond" truecount="0" falsecount="2"/>
      <line num="24" count="3" type="cond" truecount="2" falsecount="0"/>
      <line num="25" count="1" type="cond" truecount="1" falsecount="1"/>
      <line num="28" count="2" type="stmt"/>
      <line num="31" count="3" type="stmt"/>
      <line num="34" count="3" type="stmt"/>
      <line num="41" count="3" type="stmt"/>
      <line num="48" count="3" type="stmt"/>
      <line num="56" count="3" type="cond" truecount="1" falsecount="0"/>
      <line num="57" count="1" type="stmt"/>
      <line num="58" count="1" type="stmt"/>
      <line num="67" count="3" type="cond" truecount="1" falsecount="0"/>
      <line num="68" count="1" type="cond" truecount="1" falsecount="1"/>
      <line num="69" count="1" type="stmt"/>
      <line num="70" count="1" type="cond" truecount="3" falsecount="1"/>
      <line num="76" count="3" type="stmt"/>
    </file>
  </project>
</coverage>
