<?xml version="1.0" encoding="UTF-8"?>
<coverage generated="1757500340770" clover="3.2.0">
  <project timestamp="1757500340770" name="All files">
    <metrics statements="86" coveredstatements="66" conditionals="25" coveredconditionals="8" methods="51" coveredmethods="42" elements="162" coveredelements="116" complexity="0" loc="86" ncloc="86" packages="1" files="3" classes="3"/>
    <file name="index.ts" path="/Users/ganeshjayaprakash/WorkSpace/Mine/npm_plugin/React-Native-Responzo/src/index.ts">
      <metrics statements="0" coveredstatements="0" conditionals="0" coveredconditionals="0" methods="0" coveredmethods="0"/>
    </file>
    <file name="responsive.ts" path="/Users/ganeshjayaprakash/WorkSpace/Mine/npm_plugin/React-Native-Responzo/src/responsive.ts">
      <metrics statements="80" coveredstatements="66" conditionals="25" coveredconditionals="8" methods="48" coveredmethods="42"/>
      <line num="25" count="1" type="stmt"/>
      <line num="33" count="1" type="stmt"/>
      <line num="36" count="1" type="cond" truecount="1" falsecount="0"/>
      <line num="37" count="27" type="stmt"/>
      <line num="41" count="1" type="stmt"/>
      <line num="43" count="122" type="cond" truecount="1" falsecount="1"/>
      <line num="44" count="0" type="stmt"/>
      <line num="47" count="122" type="stmt"/>
      <line num="48" count="122" type="stmt"/>
      <line num="51" count="0" type="stmt"/>
      <line num="56" count="1" type="stmt"/>
      <line num="58" count="111" type="stmt"/>
      <line num="61" count="11" type="stmt"/>
      <line num="64" count="22" type="stmt"/>
      <line num="65" count="22" type="cond" truecount="2" falsecount="0"/>
      <line num="68" count="1" type="stmt"/>
      <line num="72" count="2" type="stmt"/>
      <line num="73" count="2" type="stmt"/>
      <line num="76" count="1" type="stmt"/>
      <line num="80" count="4" type="stmt"/>
      <line num="83" count="2" type="stmt"/>
      <line num="88" count="1" type="stmt"/>
      <line num="90" count="56" type="stmt"/>
      <line num="91" count="56" type="stmt"/>
      <line num="95" count="1" type="stmt"/>
      <line num="96" count="1" type="stmt"/>
      <line num="100" count="18" type="cond" truecount="2" falsecount="0"/>
      <line num="101" count="18" type="stmt"/>
      <line num="102" count="18" type="stmt"/>
      <line num="106" count="2" type="stmt"/>
      <line num="110" count="1" type="stmt"/>
      <line num="115" count="1" type="stmt"/>
      <line num="117" count="1" type="stmt"/>
      <line num="118" count="2" type="stmt"/>
      <line num="119" count="1" type="stmt"/>
      <line num="120" count="1" type="stmt"/>
      <line num="121" count="1" type="stmt"/>
      <line num="122" count="1" type="stmt"/>
      <line num="126" count="1" type="stmt"/>
      <line num="131" count="25" type="stmt"/>
      <line num="136" count="1" type="stmt"/>
      <line num="141" count="1" type="stmt"/>
      <line num="142" count="1" type="stmt"/>
      <line num="143" count="1" type="stmt"/>
      <line num="144" count="1" type="stmt"/>
      <line num="145" count="1" type="stmt"/>
      <line num="146" count="1" type="stmt"/>
      <line num="147" count="1" type="stmt"/>
      <line num="148" count="1" type="stmt"/>
      <line num="152" count="1" type="stmt"/>
      <line num="157" count="1" type="stmt"/>
      <line num="159" count="1" type="stmt"/>
      <line num="160" count="1" type="stmt"/>
      <line num="161" count="1" type="stmt"/>
      <line num="162" count="1" type="stmt"/>
      <line num="163" count="1" type="stmt"/>
      <line num="168" count="1" type="stmt"/>
      <line num="173" count="1" type="stmt"/>
      <line num="180" count="1" type="stmt"/>
      <line num="181" count="0" type="stmt"/>
      <line num="182" count="0" type="stmt"/>
      <line num="183" count="0" type="stmt"/>
      <line num="189" count="0" type="stmt"/>
      <line num="191" count="0" type="cond" truecount="0" falsecount="2"/>
      <line num="192" count="0" type="stmt"/>
      <line num="195" count="0" type="stmt"/>
      <line num="196" count="0" type="stmt"/>
      <line num="199" count="0" type="stmt"/>
      <line num="202" count="0" type="stmt"/>
      <line num="209" count="0" type="stmt"/>
      <line num="226" count="1" type="stmt"/>
      <line num="238" count="1" type="stmt"/>
      <line num="256" count="1" type="stmt"/>
      <line num="270" count="1" type="stmt"/>
      <line num="281" count="1" type="stmt"/>
      <line num="288" count="4" type="stmt"/>
      <line num="294" count="4" type="stmt"/>
      <line num="298" count="2" type="stmt"/>
      <line num="308" count="0" type="cond" truecount="0" falsecount="2"/>
      <line num="313" count="1" type="stmt"/>
    </file>
    <file name="types.ts" path="/Users/ganeshjayaprakash/WorkSpace/Mine/npm_plugin/React-Native-Responzo/src/types.ts">
      <metrics statements="6" coveredstatements="0" conditionals="0" coveredconditionals="0" methods="3" coveredmethods="0"/>
      <line num="198" count="0" type="stmt"/>
      <line num="199" count="0" type="stmt"/>
      <line num="205" count="0" type="stmt"/>
      <line num="206" count="0" type="stmt"/>
      <line num="212" count="0" type="stmt"/>
      <line num="213" count="0" type="stmt"/>
    </file>
  </project>
</coverage>
