{"/Users/ganeshjayaprakash/WorkSpace/Mine/npm_plugin/React-Native-Responzo/src/index.ts": {"path":"/Users/ganeshjayaprakash/WorkSpace/Mine/npm_plugin/React-Native-Responzo/src/index.ts","statementMap":{},"fnMap":{},"branchMap":{},"s":{},"f":{},"b":{}}
,"/Users/ganeshjayaprakash/WorkSpace/Mine/npm_plugin/React-Native-Responzo/src/responsive.ts": {"path":"/Users/ganeshjayaprakash/WorkSpace/Mine/npm_plugin/React-Native-Responzo/src/responsive.ts","statementMap":{"0":{"start":{"line":7,"column":22},"end":{"line":17,"column":1}},"1":{"start":{"line":8,"column":28},"end":{"line":8,"column":52}},"2":{"start":{"line":11,"column":2},"end":{"line":16,"column":4}},"3":{"start":{"line":20,"column":27},"end":{"line":35,"column":1}},"4":{"start":{"line":21,"column":2},"end":{"line":24,"column":3}},"5":{"start":{"line":23,"column":4},"end":{"line":23,"column":40}},"6":{"start":{"line":26,"column":19},"end":{"line":26,"column":40}},"7":{"start":{"line":29,"column":2},"end":{"line":31,"column":3}},"8":{"start":{"line":30,"column":4},"end":{"line":30,"column":53}},"9":{"start":{"line":34,"column":2},"end":{"line":34,"column":12}},"10":{"start":{"line":40,"column":27},"end":{"line":40,"column":68}},"11":{"start":{"line":40,"column":41},"end":{"line":40,"column":68}},"12":{"start":{"line":43,"column":28},"end":{"line":43,"column":70}},"13":{"start":{"line":43,"column":42},"end":{"line":43,"column":70}},"14":{"start":{"line":46,"column":28},"end":{"line":46,"column":58}},"15":{"start":{"line":46,"column":42},"end":{"line":46,"column":58}},"16":{"start":{"line":49,"column":24},"end":{"line":49,"column":60}},"17":{"start":{"line":49,"column":39},"end":{"line":49,"column":60}},"18":{"start":{"line":52,"column":24},"end":{"line":52,"column":60}},"19":{"start":{"line":52,"column":39},"end":{"line":52,"column":60}},"20":{"start":{"line":55,"column":31},"end":{"line":55,"column":65}},"21":{"start":{"line":55,"column":45},"end":{"line":55,"column":65}},"22":{"start":{"line":58,"column":31},"end":{"line":58,"column":92}},"23":{"start":{"line":58,"column":45},"end":{"line":58,"column":92}},"24":{"start":{"line":63,"column":28},"end":{"line":69,"column":1}},"25":{"start":{"line":64,"column":2},"end":{"line":67,"column":3}},"26":{"start":{"line":65,"column":4},"end":{"line":65,"column":90}},"27":{"start":{"line":66,"column":4},"end":{"line":66,"column":13}},"28":{"start":{"line":68,"column":2},"end":{"line":68,"column":41}},"29":{"start":{"line":72,"column":29},"end":{"line":78,"column":1}},"30":{"start":{"line":73,"column":2},"end":{"line":76,"column":3}},"31":{"start":{"line":74,"column":4},"end":{"line":74,"column":91}},"32":{"start":{"line":75,"column":4},"end":{"line":75,"column":13}},"33":{"start":{"line":77,"column":2},"end":{"line":77,"column":45}},"34":{"start":{"line":83,"column":29},"end":{"line":91,"column":1}},"35":{"start":{"line":84,"column":2},"end":{"line":87,"column":3}},"36":{"start":{"line":85,"column":4},"end":{"line":85,"column":86}},"37":{"start":{"line":86,"column":4},"end":{"line":86,"column":13}},"38":{"start":{"line":89,"column":16},"end":{"line":89,"column":35}},"39":{"start":{"line":90,"column":2},"end":{"line":90,"column":47}},"40":{"start":{"line":94,"column":30},"end":{"line":109,"column":1}},"41":{"start":{"line":95,"column":2},"end":{"line":98,"column":3}},"42":{"start":{"line":96,"column":4},"end":{"line":96,"column":95}},"43":{"start":{"line":97,"column":4},"end":{"line":97,"column":14}},"44":{"start":{"line":100,"column":23},"end":{"line":100,"column":59}},"45":{"start":{"line":101,"column":33},"end":{"line":101,"column":50}},"46":{"start":{"line":103,"column":22},"end":{"line":103,"column":74}},"47":{"start":{"line":106,"column":2},"end":{"line":108,"column":64}},"48":{"start":{"line":114,"column":26},"end":{"line":114,"column":71}},"49":{"start":{"line":114,"column":52},"end":{"line":114,"column":71}},"50":{"start":{"line":117,"column":27},"end":{"line":117,"column":100}},"51":{"start":{"line":117,"column":53},"end":{"line":117,"column":100}},"52":{"start":{"line":120,"column":18},"end":{"line":120,"column":28}},"53":{"start":{"line":121,"column":19},"end":{"line":121,"column":30}},"54":{"start":{"line":124,"column":35},"end":{"line":124,"column":47}},"55":{"start":{"line":125,"column":36},"end":{"line":125,"column":49}},"56":{"start":{"line":128,"column":25},"end":{"line":128,"column":39}},"57":{"start":{"line":133,"column":19},"end":{"line":164,"column":1}},"58":{"start":{"line":135,"column":16},"end":{"line":135,"column":37}},"59":{"start":{"line":136,"column":17},"end":{"line":136,"column":39}},"60":{"start":{"line":137,"column":21},"end":{"line":137,"column":43}},"61":{"start":{"line":138,"column":19},"end":{"line":138,"column":37}},"62":{"start":{"line":139,"column":19},"end":{"line":139,"column":37}},"63":{"start":{"line":140,"column":26},"end":{"line":140,"column":51}},"64":{"start":{"line":141,"column":23},"end":{"line":141,"column":48}}},"fnMap":{"0":{"name":"(anonymous_0)","decl":{"start":{"line":7,"column":22},"end":{"line":7,"column":23}},"loc":{"start":{"line":7,"column":28},"end":{"line":17,"column":1}},"line":7},"1":{"name":"(anonymous_1)","decl":{"start":{"line":20,"column":27},"end":{"line":20,"column":28}},"loc":{"start":{"line":20,"column":41},"end":{"line":35,"column":1}},"line":20},"2":{"name":"(anonymous_2)","decl":{"start":{"line":40,"column":27},"end":{"line":40,"column":28}},"loc":{"start":{"line":40,"column":41},"end":{"line":40,"column":68}},"line":40},"3":{"name":"(anonymous_3)","decl":{"start":{"line":43,"column":28},"end":{"line":43,"column":29}},"loc":{"start":{"line":43,"column":42},"end":{"line":43,"column":70}},"line":43},"4":{"name":"(anonymous_4)","decl":{"start":{"line":46,"column":28},"end":{"line":46,"column":29}},"loc":{"start":{"line":46,"column":42},"end":{"line":46,"column":58}},"line":46},"5":{"name":"(anonymous_5)","decl":{"start":{"line":49,"column":24},"end":{"line":49,"column":25}},"loc":{"start":{"line":49,"column":39},"end":{"line":49,"column":60}},"line":49},"6":{"name":"(anonymous_6)","decl":{"start":{"line":52,"column":24},"end":{"line":52,"column":25}},"loc":{"start":{"line":52,"column":39},"end":{"line":52,"column":60}},"line":52},"7":{"name":"(anonymous_7)","decl":{"start":{"line":55,"column":31},"end":{"line":55,"column":32}},"loc":{"start":{"line":55,"column":45},"end":{"line":55,"column":65}},"line":55},"8":{"name":"(anonymous_8)","decl":{"start":{"line":58,"column":31},"end":{"line":58,"column":32}},"loc":{"start":{"line":58,"column":45},"end":{"line":58,"column":92}},"line":58},"9":{"name":"(anonymous_9)","decl":{"start":{"line":63,"column":28},"end":{"line":63,"column":29}},"loc":{"start":{"line":63,"column":57},"end":{"line":69,"column":1}},"line":63},"10":{"name":"(anonymous_10)","decl":{"start":{"line":72,"column":29},"end":{"line":72,"column":30}},"loc":{"start":{"line":72,"column":58},"end":{"line":78,"column":1}},"line":72},"11":{"name":"(anonymous_11)","decl":{"start":{"line":83,"column":29},"end":{"line":83,"column":30}},"loc":{"start":{"line":83,"column":69},"end":{"line":91,"column":1}},"line":83},"12":{"name":"(anonymous_12)","decl":{"start":{"line":94,"column":30},"end":{"line":94,"column":31}},"loc":{"start":{"line":94,"column":78},"end":{"line":109,"column":1}},"line":94},"13":{"name":"(anonymous_13)","decl":{"start":{"line":114,"column":26},"end":{"line":114,"column":27}},"loc":{"start":{"line":114,"column":52},"end":{"line":114,"column":71}},"line":114},"14":{"name":"(anonymous_14)","decl":{"start":{"line":117,"column":27},"end":{"line":117,"column":28}},"loc":{"start":{"line":117,"column":53},"end":{"line":117,"column":100}},"line":117},"15":{"name":"(anonymous_15)","decl":{"start":{"line":135,"column":2},"end":{"line":135,"column":3}},"loc":{"start":{"line":135,"column":14},"end":{"line":135,"column":39}},"line":135},"16":{"name":"(anonymous_16)","decl":{"start":{"line":136,"column":2},"end":{"line":136,"column":3}},"loc":{"start":{"line":136,"column":15},"end":{"line":136,"column":41}},"line":136},"17":{"name":"(anonymous_17)","decl":{"start":{"line":137,"column":2},"end":{"line":137,"column":3}},"loc":{"start":{"line":137,"column":19},"end":{"line":137,"column":45}},"line":137},"18":{"name":"(anonymous_18)","decl":{"start":{"line":138,"column":2},"end":{"line":138,"column":3}},"loc":{"start":{"line":138,"column":17},"end":{"line":138,"column":39}},"line":138},"19":{"name":"(anonymous_19)","decl":{"start":{"line":139,"column":2},"end":{"line":139,"column":3}},"loc":{"start":{"line":139,"column":17},"end":{"line":139,"column":39}},"line":139},"20":{"name":"(anonymous_20)","decl":{"start":{"line":140,"column":2},"end":{"line":140,"column":3}},"loc":{"start":{"line":140,"column":24},"end":{"line":140,"column":53}},"line":140},"21":{"name":"(anonymous_21)","decl":{"start":{"line":141,"column":2},"end":{"line":141,"column":3}},"loc":{"start":{"line":141,"column":21},"end":{"line":141,"column":50}},"line":141}},"branchMap":{"0":{"loc":{"start":{"line":21,"column":2},"end":{"line":24,"column":3}},"type":"if","locations":[{"start":{"line":21,"column":2},"end":{"line":24,"column":3}},{"start":{},"end":{}}],"line":21},"1":{"loc":{"start":{"line":23,"column":11},"end":{"line":23,"column":39}},"type":"binary-expr","locations":[{"start":{"line":23,"column":11},"end":{"line":23,"column":34}},{"start":{"line":23,"column":38},"end":{"line":23,"column":39}}],"line":23},"2":{"loc":{"start":{"line":29,"column":2},"end":{"line":31,"column":3}},"type":"if","locations":[{"start":{"line":29,"column":2},"end":{"line":31,"column":3}},{"start":{},"end":{}}],"line":29},"3":{"loc":{"start":{"line":30,"column":11},"end":{"line":30,"column":52}},"type":"cond-expr","locations":[{"start":{"line":30,"column":45},"end":{"line":30,"column":47}},{"start":{"line":30,"column":50},"end":{"line":30,"column":52}}],"line":30},"4":{"loc":{"start":{"line":64,"column":2},"end":{"line":67,"column":3}},"type":"if","locations":[{"start":{"line":64,"column":2},"end":{"line":67,"column":3}},{"start":{},"end":{}}],"line":64},"5":{"loc":{"start":{"line":64,"column":6},"end":{"line":64,"column":34}},"type":"binary-expr","locations":[{"start":{"line":64,"column":6},"end":{"line":64,"column":17}},{"start":{"line":64,"column":21},"end":{"line":64,"column":34}}],"line":64},"6":{"loc":{"start":{"line":73,"column":2},"end":{"line":76,"column":3}},"type":"if","locations":[{"start":{"line":73,"column":2},"end":{"line":76,"column":3}},{"start":{},"end":{}}],"line":73},"7":{"loc":{"start":{"line":73,"column":6},"end":{"line":73,"column":34}},"type":"binary-expr","locations":[{"start":{"line":73,"column":6},"end":{"line":73,"column":17}},{"start":{"line":73,"column":21},"end":{"line":73,"column":34}}],"line":73},"8":{"loc":{"start":{"line":83,"column":44},"end":{"line":83,"column":56}},"type":"default-arg","locations":[{"start":{"line":83,"column":53},"end":{"line":83,"column":56}}],"line":83},"9":{"loc":{"start":{"line":84,"column":2},"end":{"line":87,"column":3}},"type":"if","locations":[{"start":{"line":84,"column":2},"end":{"line":87,"column":3}},{"start":{},"end":{}}],"line":84},"10":{"loc":{"start":{"line":84,"column":6},"end":{"line":84,"column":57}},"type":"binary-expr","locations":[{"start":{"line":84,"column":6},"end":{"line":84,"column":30}},{"start":{"line":84,"column":34},"end":{"line":84,"column":42}},{"start":{"line":84,"column":46},"end":{"line":84,"column":57}}],"line":84},"11":{"loc":{"start":{"line":94,"column":49},"end":{"line":94,"column":65}},"type":"default-arg","locations":[{"start":{"line":94,"column":62},"end":{"line":94,"column":65}}],"line":94},"12":{"loc":{"start":{"line":95,"column":2},"end":{"line":98,"column":3}},"type":"if","locations":[{"start":{"line":95,"column":2},"end":{"line":98,"column":3}},{"start":{},"end":{}}],"line":95},"13":{"loc":{"start":{"line":95,"column":6},"end":{"line":95,"column":70}},"type":"binary-expr","locations":[{"start":{"line":95,"column":6},"end":{"line":95,"column":34}},{"start":{"line":95,"column":38},"end":{"line":95,"column":51}},{"start":{"line":95,"column":55},"end":{"line":95,"column":70}}],"line":95},"14":{"loc":{"start":{"line":100,"column":23},"end":{"line":100,"column":59}},"type":"cond-expr","locations":[{"start":{"line":100,"column":36},"end":{"line":100,"column":48}},{"start":{"line":100,"column":51},"end":{"line":100,"column":59}}],"line":100},"15":{"loc":{"start":{"line":106,"column":9},"end":{"line":108,"column":63}},"type":"cond-expr","locations":[{"start":{"line":107,"column":6},"end":{"line":107,"column":36}},{"start":{"line":108,"column":6},"end":{"line":108,"column":63}}],"line":106},"16":{"loc":{"start":{"line":106,"column":9},"end":{"line":106,"column":42}},"type":"binary-expr","locations":[{"start":{"line":106,"column":9},"end":{"line":106,"column":19}},{"start":{"line":106,"column":23},"end":{"line":106,"column":42}}],"line":106}},"s":{"0":1,"1":44,"2":44,"3":1,"4":24,"5":2,"6":22,"7":22,"8":2,"9":20,"10":1,"11":22,"12":1,"13":22,"14":1,"15":2,"16":1,"17":15,"18":1,"19":3,"20":1,"21":24,"22":1,"23":18,"24":1,"25":7,"26":2,"27":2,"28":5,"29":1,"30":9,"31":2,"32":2,"33":7,"34":1,"35":6,"36":2,"37":2,"38":4,"39":4,"40":1,"41":9,"42":3,"43":3,"44":6,"45":6,"46":6,"47":6,"48":1,"49":2,"50":1,"51":2,"52":1,"53":1,"54":1,"55":1,"56":1,"57":1,"58":1,"59":1,"60":1,"61":1,"62":1,"63":1,"64":1},"f":{"0":44,"1":24,"2":22,"3":22,"4":2,"5":15,"6":3,"7":24,"8":18,"9":7,"10":9,"11":6,"12":9,"13":2,"14":2,"15":1,"16":1,"17":1,"18":1,"19":1,"20":1,"21":1},"b":{"0":[2,22],"1":[2,1],"2":[2,20],"3":[1,1],"4":[2,5],"5":[7,6],"6":[2,7],"7":[9,8],"8":[5],"9":[2,4],"10":[6,6,5],"11":[8],"12":[3,6],"13":[9,9,7],"14":[1,5],"15":[2,4],"16":[6,5]},"_coverageSchema":"1a1c01bbd47fc00a2c39e90264f33305004495a9","hash":"d53cd30128c2a12303d0fb0d4612d77dfad43591"}
,"/Users/ganeshjayaprakash/WorkSpace/Mine/npm_plugin/React-Native-Responzo/src/types.ts": {"path":"/Users/ganeshjayaprakash/WorkSpace/Mine/npm_plugin/React-Native-Responzo/src/types.ts","statementMap":{},"fnMap":{},"branchMap":{},"s":{},"f":{},"b":{}}
}
