{"/Users/ganeshjayaprakash/WorkSpace/Mine/npm_plugin/React-Native-Responzo/src/utils/responsive.ts": {"path":"/Users/ganeshjayaprakash/WorkSpace/Mine/npm_plugin/React-Native-Responzo/src/utils/responsive.ts","statementMap":{"0":{"start":{"line":1,"column":0},"end":{"line":1,"column":75}},"1":{"start":{"line":2,"column":0},"end":{"line":2,"column":50}},"2":{"start":{"line":4,"column":26},"end":{"line":4,"column":50}},"3":{"start":{"line":5,"column":21},"end":{"line":5,"column":37}},"4":{"start":{"line":7,"column":20},"end":{"line":7,"column":43}},"5":{"start":{"line":8,"column":21},"end":{"line":8,"column":44}},"6":{"start":{"line":9,"column":17},"end":{"line":9,"column":38}},"7":{"start":{"line":10,"column":17},"end":{"line":10,"column":38}},"8":{"start":{"line":12,"column":27},"end":{"line":17,"column":1}},"9":{"start":{"line":13,"column":2},"end":{"line":15,"column":3}},"10":{"start":{"line":14,"column":4},"end":{"line":14,"column":40}},"11":{"start":{"line":16,"column":2},"end":{"line":16,"column":69}},"12":{"start":{"line":19,"column":24},"end":{"line":19,"column":44}},"13":{"start":{"line":20,"column":24},"end":{"line":20,"column":54}},"14":{"start":{"line":22,"column":28},"end":{"line":22,"column":86}},"15":{"start":{"line":22,"column":57},"end":{"line":22,"column":86}},"16":{"start":{"line":22,"column":13},"end":{"line":22,"column":28}},"17":{"start":{"line":23,"column":29},"end":{"line":23,"column":91}},"18":{"start":{"line":23,"column":58},"end":{"line":23,"column":91}},"19":{"start":{"line":23,"column":13},"end":{"line":23,"column":29}},"20":{"start":{"line":25,"column":29},"end":{"line":28,"column":1}},"21":{"start":{"line":26,"column":16},"end":{"line":26,"column":33}},"22":{"start":{"line":27,"column":2},"end":{"line":27,"column":47}},"23":{"start":{"line":25,"column":13},"end":{"line":25,"column":29}},"24":{"start":{"line":30,"column":30},"end":{"line":36,"column":1}},"25":{"start":{"line":31,"column":23},"end":{"line":31,"column":57}},"26":{"start":{"line":32,"column":22},"end":{"line":32,"column":67}},"27":{"start":{"line":33,"column":2},"end":{"line":35,"column":41}},"28":{"start":{"line":30,"column":13},"end":{"line":30,"column":30}},"29":{"start":{"line":38,"column":13},"end":{"line":50,"column":2}},"30":{"start":{"line":52,"column":0},"end":{"line":52,"column":26}}},"fnMap":{"0":{"name":"(anonymous_1)","decl":{"start":{"line":12,"column":27},"end":{"line":12,"column":38}},"loc":{"start":{"line":12,"column":40},"end":{"line":17,"column":1}}},"1":{"name":"(anonymous_2)","decl":{"start":{"line":22,"column":28},"end":{"line":22,"column":29}},"loc":{"start":{"line":22,"column":57},"end":{"line":22,"column":86}}},"2":{"name":"(anonymous_3)","decl":{"start":{"line":23,"column":29},"end":{"line":23,"column":30}},"loc":{"start":{"line":23,"column":58},"end":{"line":23,"column":91}}},"3":{"name":"(anonymous_4)","decl":{"start":{"line":25,"column":29},"end":{"line":25,"column":30}},"loc":{"start":{"line":25,"column":68},"end":{"line":28,"column":1}}},"4":{"name":"(anonymous_5)","decl":{"start":{"line":30,"column":30},"end":{"line":30,"column":31}},"loc":{"start":{"line":30,"column":77},"end":{"line":36,"column":1}}}},"branchMap":{"0":{"loc":{"start":{"line":13,"column":2},"end":{"line":15,"column":3}},"type":"if","locations":[{"start":{"line":13,"column":2},"end":{"line":15,"column":3}}]},"1":{"loc":{"start":{"line":14,"column":11},"end":{"line":14,"column":39}},"type":"binary-expr","locations":[{"start":{"line":14,"column":11},"end":{"line":14,"column":34}},{"start":{"line":14,"column":38},"end":{"line":14,"column":39}}]},"2":{"loc":{"start":{"line":16,"column":9},"end":{"line":16,"column":68}},"type":"cond-expr","locations":[{"start":{"line":16,"column":21},"end":{"line":16,"column":62}},{"start":{"line":16,"column":66},"end":{"line":16,"column":68}}]},"3":{"loc":{"start":{"line":16,"column":21},"end":{"line":16,"column":62}},"type":"cond-expr","locations":[{"start":{"line":16,"column":55},"end":{"line":16,"column":57}},{"start":{"line":16,"column":60},"end":{"line":16,"column":62}}]},"4":{"loc":{"start":{"line":16,"column":21},"end":{"line":16,"column":52}},"type":"cond-expr","locations":[{"start":{"line":16,"column":48},"end":{"line":16,"column":52}},{"start":{"line":16,"column":48},"end":{"line":16,"column":52}}]},"5":{"loc":{"start":{"line":16,"column":21},"end":{"line":16,"column":52}},"type":"binary-expr","locations":[{"start":{"line":16,"column":21},"end":{"line":16,"column":52}},{"start":{"line":16,"column":48},"end":{"line":16,"column":52}}]},"6":{"loc":{"start":{"line":25,"column":44},"end":{"line":25,"column":56}},"type":"default-arg","locations":[{"start":{"line":25,"column":53},"end":{"line":25,"column":56}}]},"7":{"loc":{"start":{"line":30,"column":49},"end":{"line":30,"column":65}},"type":"default-arg","locations":[{"start":{"line":30,"column":62},"end":{"line":30,"column":65}}]},"8":{"loc":{"start":{"line":31,"column":23},"end":{"line":31,"column":57}},"type":"cond-expr","locations":[{"start":{"line":31,"column":34},"end":{"line":31,"column":46}},{"start":{"line":31,"column":49},"end":{"line":31,"column":57}}]},"9":{"loc":{"start":{"line":33,"column":9},"end":{"line":35,"column":40}},"type":"cond-expr","locations":[{"start":{"line":34,"column":6},"end":{"line":34,"column":36}},{"start":{"line":35,"column":6},"end":{"line":35,"column":40}}]},"10":{"loc":{"start":{"line":33,"column":9},"end":{"line":33,"column":38}},"type":"binary-expr","locations":[{"start":{"line":33,"column":9},"end":{"line":33,"column":17}},{"start":{"line":33,"column":21},"end":{"line":33,"column":38}}]}},"s":{"0":0,"1":0,"2":0,"3":0,"4":0,"5":0,"6":0,"7":0,"8":0,"9":0,"10":0,"11":0,"12":0,"13":0,"14":0,"15":0,"16":0,"17":0,"18":0,"19":0,"20":0,"21":0,"22":0,"23":0,"24":0,"25":0,"26":0,"27":0,"28":0,"29":0,"30":0},"f":{"0":0,"1":0,"2":0,"3":0,"4":0},"b":{"0":[0],"1":[0,0],"2":[0,0],"3":[0,0],"4":[0,0],"5":[0,0],"6":[0],"7":[0],"8":[0,0],"9":[0,0],"10":[0,0]}}
}
