TN:
SF:src/index.js
FN:18,(anonymous_0)
FN:41,(anonymous_1)
FN:48,(anonymous_2)
FN:56,(anonymous_3)
FN:67,(anonymous_4)
FNF:5
FNH:5
FNDA:3,(anonymous_0)
FNDA:2,(anonymous_1)
FNDA:2,(anonymous_2)
FNDA:1,(anonymous_3)
FNDA:1,(anonymous_4)
DA:4,3
DA:5,3
DA:8,3
DA:9,3
DA:12,3
DA:15,3
DA:18,3
DA:19,3
DA:20,0
DA:24,3
DA:25,1
DA:28,2
DA:31,3
DA:34,3
DA:41,3
DA:48,3
DA:56,3
DA:57,1
DA:58,1
DA:67,3
DA:68,1
DA:69,1
DA:70,1
DA:76,3
LF:24
LH:23
BRDA:19,0,0,0
BRDA:19,0,1,3
BRDA:20,1,0,0
BRDA:20,1,1,0
BRDA:24,2,0,1
BRDA:24,2,1,2
BRDA:25,3,0,0
BRDA:25,3,1,1
BRDA:56,4,0,1
BRDA:67,5,0,1
BRDA:68,6,0,0
BRDA:68,6,1,1
BRDA:70,7,0,0
BRDA:70,7,1,1
BRDA:70,8,0,1
BRDA:70,8,1,1
BRF:16
BRH:10
end_of_record
